<?xml version="1.0" encoding="UTF-8"?>
<!-- Generated by org.testng.reporters.JUnitReportReporter -->
<testsuite hostname="DESKTOP-1S0QB06" failures="0" tests="9" name="AlmosaferProject.MyTestCases" time="5.565" errors="0" timestamp="2024-02-03T17:36:14 EET" skipped="6">
  <testcase classname="AlmosaferProject.MyTestCases" name="RandomMethodToChangeTheLanguage" time="0.807"/>
  <system-out/>
  <testcase classname="AlmosaferProject.MyTestCases" name="SwitchToHotelTab" time="0.706"/>
  <system-out/>
  <testcase classname="AlmosaferProject.MyTestCases" name="SelectRoomRandomly" time="4.052"/>
  <system-out/>
  <testcase classname="AlmosaferProject.MyTestCases" name="CheckHotelTabIsNotSelectedByDefault">
    <skipped/>
  </testcase> <!-- CheckHotelTabIsNotSelectedByDefault -->
  <system-out/>
  <testcase classname="AlmosaferProject.MyTestCases" name="CheckTheDeafultLanguageIsEnglish">
    <skipped/>
  </testcase> <!-- CheckTheDeafultLanguageIsEnglish -->
  <system-out/>
  <testcase classname="AlmosaferProject.MyTestCases" name="CheckContactNumber">
    <skipped/>
  </testcase> <!-- CheckContactNumber -->
  <system-out/>
  <testcase classname="AlmosaferProject.MyTestCases" name="CheckQitafLogo">
    <skipped/>
  </testcase> <!-- CheckQitafLogo -->
  <system-out/>
  <testcase classname="AlmosaferProject.MyTestCases" name="ChickDepartureDateAndRetunDate">
    <skipped/>
  </testcase> <!-- ChickDepartureDateAndRetunDate -->
  <system-out/>
  <testcase classname="AlmosaferProject.MyTestCases" name="CheckTheDefaultCurrencyIsSAR">
    <skipped/>
  </testcase> <!-- CheckTheDefaultCurrencyIsSAR -->
  <system-out/>
</testsuite> <!-- AlmosaferProject.MyTestCases -->
