<?xml version="1.0" encoding="UTF-8"?>
<!-- Generated by org.testng.reporters.JUnitReportReporter -->
<testsuite hostname="DESKTOP-1S0QB06" failures="0" tests="6" name="AlmosaferProject.MyTestCases" time="1.775" errors="0" timestamp="2024-01-31T17:10:01 EET" skipped="0">
  <testcase classname="AlmosaferProject.MyTestCases" name="CheckTheDeafultLanguageIsEnglish" time="0.045"/>
  <system-out/>
  <testcase classname="AlmosaferProject.MyTestCases" name="CheckTheDefaultCurrencyIsSAR" time="0.286"/>
  <system-out/>
  <testcase classname="AlmosaferProject.MyTestCases" name="CheckContactNumber" time="0.039"/>
  <system-out/>
  <testcase classname="AlmosaferProject.MyTestCases" name="CheckQitafLogo" time="0.050"/>
  <system-out/>
  <testcase classname="AlmosaferProject.MyTestCases" name="CheckHotelTabIsNotSelectedByDefault" time="0.042"/>
  <system-out/>
  <testcase classname="AlmosaferProject.MyTestCases" name="RandomMethodToChangeTheLanguage" time="1.313"/>
  <system-out/>
</testsuite> <!-- AlmosaferProject.MyTestCases -->
