<?xml version="1.0" encoding="UTF-8"?>
<!-- Generated by org.testng.reporters.JUnitReportReporter -->
<testsuite hostname="DESKTOP-1S0QB06" failures="0" tests="11" name="AlmosaferProject.MyTestCases" time="30.240" errors="0" timestamp="2024-02-05T15:24:16 EET" skipped="6">
  <testcase classname="AlmosaferProject.MyTestCases" name="RandomMethodToChangeTheLanguage" time="1.691"/>
  <system-out/>
  <testcase classname="AlmosaferProject.MyTestCases" name="SwitchToHotelTab" time="0.849"/>
  <system-out/>
  <testcase classname="AlmosaferProject.MyTestCases" name="SelectRoomRandomly" time="6.829"/>
  <system-out/>
  <testcase classname="AlmosaferProject.MyTestCases" name="PageLoaded" time="20.051"/>
  <system-out/>
  <testcase classname="AlmosaferProject.MyTestCases" name="PriceSort" time="0.820"/>
  <system-out/>
  <testcase classname="AlmosaferProject.MyTestCases" name="CheckHotelTabIsNotSelectedByDefault">
    <skipped/>
  </testcase> <!-- CheckHotelTabIsNotSelectedByDefault -->
  <system-out/>
  <testcase classname="AlmosaferProject.MyTestCases" name="CheckTheDeafultLanguageIsEnglish">
    <skipped/>
  </testcase> <!-- CheckTheDeafultLanguageIsEnglish -->
  <system-out/>
  <testcase classname="AlmosaferProject.MyTestCases" name="CheckContactNumber">
    <skipped/>
  </testcase> <!-- CheckContactNumber -->
  <system-out/>
  <testcase classname="AlmosaferProject.MyTestCases" name="CheckQitafLogo">
    <skipped/>
  </testcase> <!-- CheckQitafLogo -->
  <system-out/>
  <testcase classname="AlmosaferProject.MyTestCases" name="ChickDepartureDateAndRetunDate">
    <skipped/>
  </testcase> <!-- ChickDepartureDateAndRetunDate -->
  <system-out/>
  <testcase classname="AlmosaferProject.MyTestCases" name="CheckTheDefaultCurrencyIsSAR">
    <skipped/>
  </testcase> <!-- CheckTheDefaultCurrencyIsSAR -->
  <system-out/>
</testsuite> <!-- AlmosaferProject.MyTestCases -->
